<?xml version="1.0" encoding="UTF-8"?>
<!-- Generated by org.testng.reporters.JUnitReportReporter -->
<testsuite hostname="Pablos-MacBook-Pro.local" failures="0" tests="2" name="APITest" time="5.805" errors="0" timestamp="2022-06-04T19:48:10 ART" skipped="0">
  <testcase classname="APITest" name="test2" time="0.612"/>
  <system-out/>
  <testcase classname="APITest" name="test1" time="5.193"/>
  <system-out/>
</testsuite> <!-- APITest -->
